<?xml version="1.0" encoding="UTF-8"?>
<!-- Generated by org.testng.reporters.JUnitReportReporter -->
<testsuite skipped="0" hostname="thulasinathans-MacBook-Air.local" name="DynamicJson" tests="3" failures="0" timestamp="03 Jul 2021 21:52:50 GMT" time="12.203" errors="0">
  <testcase name="AddbookDy" time="1.368" classname="DynamicJson"/>
  <testcase name="AddbookDy" time="8.004" classname="DynamicJson"/>
  <testcase name="AddbookDy" time="2.831" classname="DynamicJson"/>
</testsuite> <!-- DynamicJson -->
