<?xml version="1.0" encoding="UTF-8"?>
<!-- Generated by org.testng.reporters.JUnitReportReporter -->
<testsuite skipped="0" hostname="thulasinathans-MacBook-Air.local" name="Sumvalidation" tests="1" failures="0" timestamp="02 Jul 2021 01:02:02 GMT" time="3.167" errors="0">
  <testcase name="sumofcources" time="3.167" classname="Sumvalidation"/>
</testsuite> <!-- Sumvalidation -->
